<?xml version="1.0" encoding="UTF-8"?>
<testng-results ignored="0" total="1" passed="1" failed="0" skipped="0">
  <reporter-output>
  </reporter-output>
  <suite started-at="2023-02-22T11:46:52 IST" name="Surefire suite" finished-at="2023-02-22T11:46:52 IST" duration-ms="78">
    <groups>
    </groups>
    <test started-at="2023-02-22T11:46:52 IST" name="Surefire test" finished-at="2023-02-22T11:46:52 IST" duration-ms="78">
      <class name="Sidhu.Cucumber.AppTest">
        <test-method signature="shouldAnswerWithTrue()" started-at="2023-02-22T11:46:52 IST" name="shouldAnswerWithTrue" finished-at="2023-02-22T11:46:52 IST" duration-ms="3" status="PASS">
          <reporter-output>
          </reporter-output>
        </test-method> <!-- shouldAnswerWithTrue -->
      </class> <!-- Sidhu.Cucumber.AppTest -->
    </test> <!-- Surefire test -->
  </suite> <!-- Surefire suite -->
</testng-results>
